Log file open, 10/17/17 18:15:01
LogWindows: Failed to load 'aqProf.dll' (GetLastError=126)
LogWindows: File 'aqProf.dll' does not exist
LogWindows: Failed to load 'VtuneApi.dll' (GetLastError=126)
LogWindows: File 'VtuneApi.dll' does not exist
LogWindows: Failed to load 'VtuneApi32e.dll' (GetLastError=126)
LogWindows: File 'VtuneApi32e.dll' does not exist
LogInit: Display: Running engine for game: LostDog
LogPlatformFile: Not using cached read wrapper
LogInit: Display: RandInit(1275649119) SRandInit(1275649119).
LogTaskGraph: Started task graph with 5 named threads and 14 total threads with 3 sets of task threads.
LogStats: Stats thread started at 0.225403
LogD3D11RHI: Aftermath initialized
LogPluginManager: Mounting plugin Paper2D
LogPluginManager: Mounting plugin LightPropagationVolume
LogPluginManager: Mounting plugin CodeLiteSourceCodeAccess
LogPluginManager: Mounting plugin GitSourceControl
LogPluginManager: Mounting plugin KDevelopSourceCodeAccess
LogPluginManager: Mounting plugin NullSourceCodeAccess
LogPluginManager: Mounting plugin PerforceSourceControl
LogPluginManager: Mounting plugin SubversionSourceControl
LogPluginManager: Mounting plugin UObjectPlugin
LogPluginManager: Mounting plugin VisualStudioSourceCodeAccess
LogPluginManager: Mounting plugin XCodeSourceCodeAccess
LogPluginManager: Mounting plugin AssetManagerEditor
LogPluginManager: Mounting plugin AudioCapture
LogPluginManager: Mounting plugin FacialAnimation
LogPluginManager: Mounting plugin GameplayTagsEditor
LogPluginManager: Mounting plugin MobileLauncherProfileWizard
LogPluginManager: Mounting plugin PluginBrowser
LogPluginManager: Mounting plugin SpeedTreeImporter
LogPluginManager: Mounting plugin AlembicImporter
LogPluginManager: Mounting plugin CharacterAI
LogPluginManager: Mounting plugin HTML5Networking
LogPluginManager: Mounting plugin AndroidMedia
LogPluginManager: Mounting plugin AvfMedia
LogPluginManager: Mounting plugin MediaPlayerEditor
LogPluginManager: Mounting plugin WmfMedia
LogPluginManager: Mounting plugin TcpMessaging
LogPluginManager: Mounting plugin UdpMessaging
LogPluginManager: Mounting plugin LevelSequenceEditor
LogPluginManager: Mounting plugin MatineeToLevelSequence
LogPluginManager: Mounting plugin OnlineSubsystemGooglePlay
LogPluginManager: Mounting plugin OnlineSubsystemIOS
LogPluginManager: Mounting plugin OnlineSubsystem
LogPluginManager: Mounting plugin OnlineSubsystemNull
LogPluginManager: Mounting plugin OnlineSubsystemUtils
LogPluginManager: Mounting plugin AndroidDeviceProfileSelector
LogPluginManager: Mounting plugin AndroidMoviePlayer
LogPluginManager: Mounting plugin AndroidPermission
LogPluginManager: Mounting plugin AppleMoviePlayer
LogPluginManager: Mounting plugin ArchVisCharacter
LogPluginManager: Mounting plugin CableComponent
LogPluginManager: Mounting plugin CustomMeshComponent
LogPluginManager: Mounting plugin ExampleDeviceProfileSelector
LogPluginManager: Mounting plugin GoogleCloudMessaging
LogPluginManager: Mounting plugin ImmediatePhysics
LogPluginManager: Mounting plugin IOSDeviceProfileSelector
LogPluginManager: Mounting plugin LinuxDeviceProfileSelector
LogPluginManager: Mounting plugin LocationServicesBPLibrary
LogPluginManager: Mounting plugin MobilePatchingUtils
LogPluginManager: Mounting plugin OculusVR
LogPluginManager: Mounting plugin PhysXVehicles
LogPluginManager: Mounting plugin ProceduralMeshComponent
LogPluginManager: Mounting plugin RuntimePhysXCooking
LogPluginManager: Mounting plugin SteamVR
LogPluginManager: Mounting plugin WindowsMoviePlayer
LogInit: Using libcurl 7.47.1
LogInit:  - built for x86_64-pc-win32
LogInit:  - supports SSL with OpenSSL/1.0.2g
LogInit:  - supports HTTP deflate (compression) using libz 1.2.8
LogInit:  - other features:
LogInit:      CURL_VERSION_SSL
LogInit:      CURL_VERSION_LIBZ
LogInit:      CURL_VERSION_IPV6
LogInit:      CURL_VERSION_ASYNCHDNS
LogInit:      CURL_VERSION_LARGEFILE
LogInit:      CURL_VERSION_IDN
LogInit:  CurlRequestOptions (configurable via config and command line):
LogInit:  - bVerifyPeer = false  - Libcurl will NOT verify peer certificate
LogInit:  - bUseHttpProxy = false  - Libcurl will NOT use HTTP proxy
LogInit:  - bDontReuseConnections = false  - Libcurl will reuse connections
LogInit:  - CertBundlePath = nullptr  - Libcurl will use whatever was configured at build time.
LogInit: Build: ++UE4+Release-4.17-CL-3658906
LogInit: Engine Version: 4.17.2-3658906+++UE4+Release-4.17
LogInit: Compatible Engine Version: 4.17.0-3573198+++UE4+Release-4.17
LogInit: Net CL: 3573198
LogDevObjectVersion: Number of dev versions registered: 16
LogDevObjectVersion:   Dev-Blueprints (B0D832E4-1F89-4F0D-ACCF-7EB736FD4AA2): 10
LogDevObjectVersion:   Dev-Build (E1C64328-A22C-4D53-A36C-8E866417BD8C): 0
LogDevObjectVersion:   Dev-Core (375EC13C-06E4-48FB-B500-84F0262A717E): 2
LogDevObjectVersion:   Dev-Editor (E4B068ED-F494-42E9-A231-DA0B2E46BB41): 20
LogDevObjectVersion:   Dev-Framework (CFFC743F-43B0-4480-9391-14DF171D2073): 28
LogDevObjectVersion:   Dev-Mobile (B02B49B5-BB20-44E9-A304-32B752E40360): 0
LogDevObjectVersion:   Dev-Networking (A4E4105C-59A1-49B5-A7C5-40C4547EDFEE): 0
LogDevObjectVersion:   Dev-Online (39C831C9-5AE6-47DC-9A44-9C173E1C8E7C): 0
LogDevObjectVersion:   Dev-Physics (78F01B33-EBEA-4F98-B9B4-84EACCB95AA2): 0
LogDevObjectVersion:   Dev-Platform (6631380F-2D4D-43E0-8009-CF276956A95A): 0
LogDevObjectVersion:   Dev-Rendering (12F88B9F-8875-4AFC-A67C-D90C383ABD29): 19
LogDevObjectVersion:   Dev-Sequencer (7B5AE74C-D270-4C10-A958-57980B212A5A): 4
LogDevObjectVersion:   Dev-VR (D7296918-1DD6-4BDD-9DE2-64A83CC13884): 0
LogDevObjectVersion:   Dev-LoadTimes (C2A15278-BFE7-4AFE-6C17-90FF531DF755): 1
LogDevObjectVersion:   Private-Geometry (6EACA3D4-40EC-4CC1-B786-8BED09428FC5): 1
LogDevObjectVersion:   Dev-AnimPhys (29E575DD-E0A3-4627-9D10-D276232CDCEA): 7
LogInit: Compiled (64-bit): Sep 22 2017 13:47:16
LogInit: Compiled with Visual C++: 19.00.24215.01
LogInit: Build Configuration: Development
LogInit: Branch Name: ++UE4+Release-4.17
LogInit: Command line:  
LogInit: Base directory: C:/Program Files/Epic Games/UE_4.17/Engine/Binaries/Win64/
LogInit: Installed Engine Build: 1
LogInit: Presizing for max 8388607 objects, including 0 objects not considered by GC, pre-allocating 0 bytes for permanent pool.
LogInit: Object subsystem initialized
[2017.10.17-23.15.02:733][  0]LogInit: Selected Device Profile: [Windows]
[2017.10.17-23.15.02:733][  0]LogInit: Applying CVar settings loaded from the selected device profile: [Windows]
[2017.10.17-23.15.02:753][  0]LogInit: Computer: DESKTOP-Q1LC7F5
[2017.10.17-23.15.02:753][  0]LogInit: User: Nick
[2017.10.17-23.15.02:753][  0]LogInit: CPU Page size=4096, Cores=4
[2017.10.17-23.15.02:753][  0]LogInit: High frequency timer resolution =3.914065 MHz
[2017.10.17-23.15.02:753][  0]LogMemory: Memory total: Physical=16.0GB (16GB approx)
[2017.10.17-23.15.02:753][  0]LogMemory: Platform Memory Stats for Windows
[2017.10.17-23.15.02:753][  0]LogMemory: Process Physical Memory: 278.49 MB used, 278.49 MB peak
[2017.10.17-23.15.02:753][  0]LogMemory: Process Virtual Memory: 274.55 MB used, 274.55 MB peak
[2017.10.17-23.15.02:753][  0]LogMemory: Physical Memory: 8186.61 MB used,  8149.66 MB free, 16336.28 MB total
[2017.10.17-23.15.02:753][  0]LogMemory: Virtual Memory: 669.21 MB used,  8149.66 MB free, 134217728.00 MB total
[2017.10.17-23.15.03:043][  0]LogInit: Using OS detected language (en-US).
[2017.10.17-23.15.03:043][  0]LogInit: Using OS detected locale (en-US).
[2017.10.17-23.15.03:051][  0]LogTextLocalizationManager: No specific localization for 'en-US' exists, so the 'en' localization will be used.
[2017.10.17-23.15.04:123][  0]LogD3D11RHI: D3D11 adapters:
[2017.10.17-23.15.05:161][  0]LogD3D11RHI:    0. 'NVIDIA GeForce GTX 1080 Ti' (Feature Level 11_0)
[2017.10.17-23.15.05:161][  0]LogD3D11RHI:       11124/0/8168 MB DedicatedVideo/DedicatedSystem/SharedSystem, Outputs:1, VendorId:0x10de
[2017.10.17-23.15.05:163][  0]LogD3D11RHI:    1. 'Microsoft Basic Render Driver' (Feature Level 11_0)
[2017.10.17-23.15.05:163][  0]LogD3D11RHI:       0/0/8168 MB DedicatedVideo/DedicatedSystem/SharedSystem, Outputs:0, VendorId:0x1414
[2017.10.17-23.15.05:163][  0]LogD3D11RHI: Chosen D3D11 Adapter: 0
[2017.10.17-23.15.05:167][  0]LogD3D11RHI: Creating new Direct3DDevice
[2017.10.17-23.15.05:167][  0]LogD3D11RHI:     GPU DeviceId: 0x1b06 (for the marketing name, search the web for "GPU Device Id")
[2017.10.17-23.15.05:167][  0]LogWindows: EnumDisplayDevices:
[2017.10.17-23.15.05:167][  0]LogWindows:    0. 'NVIDIA GeForce GTX 1080 Ti' (P:1 D:1)
[2017.10.17-23.15.05:168][  0]LogWindows:    1. 'NVIDIA GeForce GTX 1080 Ti' (P:0 D:0)
[2017.10.17-23.15.05:168][  0]LogWindows:    2. 'NVIDIA GeForce GTX 1080 Ti' (P:0 D:0)
[2017.10.17-23.15.05:168][  0]LogWindows:    3. 'NVIDIA GeForce GTX 1080 Ti' (P:0 D:0)
[2017.10.17-23.15.05:168][  0]LogWindows: DebugString: FoundDriverCount:4 
[2017.10.17-23.15.05:168][  0]LogD3D11RHI:     Adapter Name: NVIDIA GeForce GTX 1080 Ti
[2017.10.17-23.15.05:168][  0]LogD3D11RHI:   Driver Version: 384.94 (internal:22.21.13.8494, unified:384.94)
[2017.10.17-23.15.05:168][  0]LogD3D11RHI:      Driver Date: 7-18-2017
[2017.10.17-23.15.05:168][  0]LogRHI: Texture pool is 1361 MB (70% of 1945 MB)
[2017.10.17-23.15.06:051][  0]LogD3D11RHI: Async texture creation enabled
[2017.10.17-23.15.06:105][  0]LogD3D11RHI: GPU Timing Frequency: 1000.000000 (Debug: 2 1)
[2017.10.17-23.15.06:179][  0]LogShaderCompilers: Guid format shader working directory is -45 characters bigger than the processId version (../../../../../../Users/Nick/Documents/Unreal Projects/Adv Game Intimacy/LostDoggo/LostDog/Intermediate/Shaders/WorkingDirectory/8104/).
[2017.10.17-23.15.06:179][  0]LogShaderCompilers: Cleaned the shader compiler working directory 'C:/Users/Nick/AppData/Local/Temp/UnrealShaderWorkingDir/6D2998D649DF0DE8910406BFB7D9F619/'.
[2017.10.17-23.15.06:179][  0]LogShaderCompilers: Display: Using Local Shader Compiler.
[2017.10.17-23.15.07:626][  0]LogTemp: Display: Loaded TP AllDesktopTargetPlatform
[2017.10.17-23.15.07:703][  0]LogTemp: Display: Loaded TP MacClientTargetPlatform
[2017.10.17-23.15.07:782][  0]LogTemp: Display: Loaded TP MacNoEditorTargetPlatform
[2017.10.17-23.15.07:867][  0]LogTemp: Display: Loaded TP MacServerTargetPlatform
[2017.10.17-23.15.07:954][  0]LogTemp: Display: Loaded TP MacTargetPlatform
[2017.10.17-23.15.08:052][  0]LogTemp: Display: Loaded TP WindowsClientTargetPlatform
[2017.10.17-23.15.08:139][  0]LogTemp: Display: Loaded TP WindowsNoEditorTargetPlatform
[2017.10.17-23.15.08:225][  0]LogTemp: Display: Loaded TP WindowsServerTargetPlatform
[2017.10.17-23.15.08:295][  0]LogTemp: Display: Loaded TP WindowsTargetPlatform
[2017.10.17-23.15.08:371][  0]LogTemp: Display: Loaded TP AndroidTargetPlatform
[2017.10.17-23.15.08:448][  0]LogTemp: Display: Loaded TP Android_ASTCTargetPlatform
[2017.10.17-23.15.08:520][  0]LogTemp: Display: Loaded TP Android_ATCTargetPlatform
[2017.10.17-23.15.08:596][  0]LogTemp: Display: Loaded TP Android_DXTTargetPlatform
[2017.10.17-23.15.08:666][  0]LogTemp: Display: Loaded TP Android_ETC1TargetPlatform
[2017.10.17-23.15.08:747][  0]LogTemp: Display: Loaded TP Android_ETC2TargetPlatform
[2017.10.17-23.15.08:910][  0]LogTemp: Display: Loaded TP Android_MultiTargetPlatform
[2017.10.17-23.15.08:910][  0]LogTemp: Display: Loaded TP Android_PVRTCTargetPlatform
[2017.10.17-23.15.08:984][  0]LogTemp: Display: Loaded TP HTML5TargetPlatform
[2017.10.17-23.15.09:144][  0]LogTemp: Display: Loaded TP IOSTargetPlatform
[2017.10.17-23.15.09:190][  0]LogTemp: Display: Loaded TP TVOSTargetPlatform
[2017.10.17-23.15.09:286][  0]LogTemp: Display: Loaded TP LinuxClientTargetPlatform
[2017.10.17-23.15.09:381][  0]LogTemp: Display: Loaded TP LinuxNoEditorTargetPlatform
[2017.10.17-23.15.09:500][  0]LogTemp: Display: Loaded TP LinuxServerTargetPlatform
[2017.10.17-23.15.09:587][  0]LogTemp: Display: Loaded TP LinuxTargetPlatform
[2017.10.17-23.15.09:587][  0]LogTargetPlatformManager: Display: Building Assets For Windows
[2017.10.17-23.15.10:394][  0]LogDerivedDataCache: Display: Max Cache Size: 512 MB
[2017.10.17-23.15.10:510][  0]LogDerivedDataCache: Loaded boot cache 0.12s 93MB C:/Users/Nick/AppData/Local/UnrealEngine/4.17/DerivedDataCache/Boot.ddc.
[2017.10.17-23.15.10:510][  0]LogDerivedDataCache: Display: Loaded Boot cache: C:/Users/Nick/AppData/Local/UnrealEngine/4.17/DerivedDataCache/Boot.ddc
[2017.10.17-23.15.10:511][  0]LogDerivedDataCache: FDerivedDataBackendGraph:  Pak pak cache file ../../../../../../Users/Nick/Documents/Unreal Projects/Adv Game Intimacy/LostDoggo/LostDog/DerivedDataCache/DDC.ddp not found, will not use a pak cache.
[2017.10.17-23.15.10:511][  0]LogDerivedDataCache: Unable to find inner node Pak for hierarchical cache Hierarchy.
[2017.10.17-23.15.10:511][  0]LogDerivedDataCache: FDerivedDataBackendGraph:  CompressedPak pak cache file ../../../../../../Users/Nick/Documents/Unreal Projects/Adv Game Intimacy/LostDoggo/LostDog/DerivedDataCache/Compressed.ddp not found, will not use a pak cache.
[2017.10.17-23.15.10:511][  0]LogDerivedDataCache: Unable to find inner node CompressedPak for hierarchical cache Hierarchy.
[2017.10.17-23.15.10:540][  0]LogDerivedDataCache: Display: Pak cache opened for reading ../../../Engine/DerivedDataCache/Compressed.ddp.
[2017.10.17-23.15.10:552][  0]LogDerivedDataCache: Using Local data cache path C:/Users/Nick/AppData/Local/UnrealEngine/Common/DerivedDataCache: Writable
[2017.10.17-23.15.10:568][  0]LogMaterial: Verifying Global Shaders for PCD3D_SM5
[2017.10.17-23.15.10:569][  0]LogSlate: Using Freetype 2.6.0
[2017.10.17-23.15.10:570][  0]LogSlate: SlateFontCache - WITH_FREETYPE: 1, WITH_HARFBUZZ: 1
[2017.10.17-23.15.10:570][  0]LogSlate: SlateFontCache - WITH_FREETYPE: 1, WITH_HARFBUZZ: 1
[2017.10.17-23.15.10:959][  0]LogAssetRegistry: FAssetRegistry took 0.0287 seconds to start up
[2017.10.17-23.15.11:156][  0]LogInit: Selected Device Profile: [Windows]
[2017.10.17-23.15.11:367][  0]LogContentStreaming: Texture pool size is 0.00 MB
[2017.10.17-23.15.11:856][  0]LogSimplygon: Simplygon DLL not present - disabling.
[2017.10.17-23.15.11:926][  0]LogMeshReduction: Using SimplygonSwarm for distributed automatic mesh merging
[2017.10.17-23.15.11:927][  0]LogMeshReduction: Using QuadricMeshReduction for automatic static mesh reduction
[2017.10.17-23.15.11:927][  0]LogMeshReduction: No automatic skeletal mesh reduction module available
[2017.10.17-23.15.11:927][  0]LogMeshReduction: No automatic mesh merging module available
[2017.10.17-23.15.11:927][  0]LogMeshMerging: No automatic mesh merging module available
[2017.10.17-23.15.12:455][  0]LogNetVersion: LostDog , NetCL: 3573198, EngineNetVer: 2, GameNetVer: 0 (Checksum: 1062714262)
[2017.10.17-23.15.12:985][  0]LogPackageLocalizationCache: Processed 5 localized package path(s) for 2 prioritized culture(s) in 0.081270 seconds
[2017.10.17-23.15.12:996][  0]LogUObjectArray: 35825 objects as part of root set at end of initial load.
[2017.10.17-23.15.12:996][  0]LogUObjectAllocator: 7529104 out of 0 bytes used by permanent object pool.
[2017.10.17-23.15.12:996][  0]LogUObjectArray: CloseDisregardForGC: 0/0 objects in disregard for GC pool
[2017.10.17-23.15.13:120][  0]LogInit: WinSock: version 1.1 (2.2), MaxSocks=32767, MaxUdp=65467
[2017.10.17-23.15.17:224][  0]LogTcpMessaging: Initializing TcpMessaging bridge
[2017.10.17-23.15.17:285][  0]LogUdpMessaging: Initializing bridge on interface 0.0.0.0:0 to multicast group 230.0.0.1:6666.
[2017.10.17-23.15.18:342][  0]LogMaterial: Uniform references updated for custom material expression Custom.
[2017.10.17-23.15.19:066][  0]SourceControl: Source control is disabled
[2017.10.17-23.15.20:616][  0]LogAndroidPermission: UAndroidPermissionCallbackProxy::GetInstance
[2017.10.17-23.15.21:024][  0]LogOcInput: OculusInput pre-init called
[2017.10.17-23.15.21:454][  0]LogEngine: Initializing Engine...
[2017.10.17-23.15.21:456][  0]LogHMD: Failed to initialize OpenVR with code 110
[2017.10.17-23.15.21:795][  0]LogStats: UGameplayTagsManager::ConstructGameplayTagTree: Construct from data asset -  0.000 s
[2017.10.17-23.15.21:795][  0]LogStats: UGameplayTagsManager::ConstructGameplayTagTree: GameplayTagTreeChangedEvent.Broadcast -  0.000 s
[2017.10.17-23.15.22:044][  0]LogAIModule: Creating AISystem for world Untitled
[2017.10.17-23.15.22:064][  0]LogInit: XAudio2 using 'Speakers (Realtek High Definition Audio)' : 2 channels at 48 kHz using 32 bits per sample (channel mask 0x3)
[2017.10.17-23.15.22:083][  0]LogInit: FAudioDevice initialized.
[2017.10.17-23.15.22:273][  0]LogDerivedDataCache: Saved boot cache 0.19s 93MB C:/Users/Nick/AppData/Local/UnrealEngine/4.17/DerivedDataCache/Boot.ddc.
[2017.10.17-23.15.22:288][  0]LogInit: Texture streaming: Enabled
[2017.10.17-23.15.22:455][  0]LogEngineSessionManager: EngineSessionManager initialized
[2017.10.17-23.15.22:808][  0]LogInit: Transaction tracking system initialized
[2017.10.17-23.15.23:343][  0]BlueprintLog: New page: Editor Load
[2017.10.17-23.15.24:755][  0]LocalizationService: Localization service is disabled
[2017.10.17-23.15.25:768][  0]LogConsoleResponse: Display: 
[2017.10.17-23.15.26:049][  0]LogCook: Display: Max memory allowance for cook 16384mb min free memory 0mb
[2017.10.17-23.15.26:050][  0]LogCook: Display: Mobile HDR setting 1
[2017.10.17-23.15.26:050][  0]LogGameplayTags: Display: UGameplayTagsManager::DoneAddingNativeTags. DelegateIsBound: 0
[2017.10.17-23.15.26:568][  0]LogFileCache: Scanning file cache for directory 'C:/Users/Nick/Documents/Unreal Projects/Adv Game Intimacy/LostDoggo/LostDog/Content/' took 0.02s
[2017.10.17-23.15.27:656][  0]Cmd: MAP LOAD FILE="../../../../../../Users/Nick/Documents/Unreal Projects/Adv Game Intimacy/LostDoggo/LostDog/Content/TopDownBP/Maps/TopDownExampleMap.umap" TEMPLATE=0 SHOWPROGRESS=1 FEATURELEVEL=3
[2017.10.17-23.15.27:656][  0]LightingResults: New page: Lighting Build
[2017.10.17-23.15.27:711][  0]MapCheck: New page: Map Check
[2017.10.17-23.15.27:711][  0]LightingResults: New page: Lighting Build
[2017.10.17-23.15.28:359][  0]LogAIModule: Creating AISystem for world TopDownExampleMap
[2017.10.17-23.15.28:373][  0]LogEditorServer: Finished looking for orphan Actors (0.000 secs)
[2017.10.17-23.15.28:403][  0]Cmd: MAP CHECKDEP NOCLEARLOG
[2017.10.17-23.15.28:475][  0]MapCheck: Map check complete: 0 Error(s), 0 Warning(s), took 71.672ms to complete.
[2017.10.17-23.15.28:475][  0]LogFileHelpers: Loading map 'TopDownExampleMap' took 0.819
[2017.10.17-23.15.28:682][  0]LogCollectionManager: Loaded 0 collections in 0.003175 seconds
[2017.10.17-23.15.28:797][  0]LogFileCache: Scanning file cache for directory 'C:/Users/Nick/Documents/Unreal Projects/Adv Game Intimacy/LostDoggo/LostDog/Saved/Collections/' took 0.01s
[2017.10.17-23.15.28:797][  0]LogFileCache: Scanning file cache for directory 'C:/Users/Nick/Documents/Unreal Projects/Adv Game Intimacy/LostDoggo/LostDog/Content/Developers/Nick/Collections/' took 0.01s
[2017.10.17-23.15.28:797][  0]LogFileCache: Scanning file cache for directory 'C:/Users/Nick/Documents/Unreal Projects/Adv Game Intimacy/LostDoggo/LostDog/Content/Collections/' took 0.02s
[2017.10.17-23.15.28:797][  0]LogCollectionManager: Rebuilt the GUID cache for 0 collections in 0.000001 seconds
[2017.10.17-23.15.28:810][  0]LogContentBrowser: Native class hierarchy populated in 0.0129 seconds. Added 2386 classes and 500 folders.
[2017.10.17-23.15.28:914][  0]LogContentBrowser: Native class hierarchy updated for 'WidgetCarousel' in 0.0008 seconds. Added 0 classes and 0 folders.
[2017.10.17-23.15.28:978][  0]LogContentBrowser: Native class hierarchy updated for 'AddContentDialog' in 0.0008 seconds. Added 0 classes and 0 folders.
[2017.10.17-23.15.29:044][  0]LogContentBrowser: Native class hierarchy updated for 'SceneOutliner' in 0.0011 seconds. Added 1 classes and 2 folders.
[2017.10.17-23.15.29:075][  0]LogSlate: Took 0.000341 seconds to synchronously load lazily loaded font '../../../Engine/Content/Slate/Fonts/Roboto-Regular.ttf' (155K)
[2017.10.17-23.15.29:082][  0]LogSlate: Took 0.000263 seconds to synchronously load lazily loaded font '../../../Engine/Content/Slate/Fonts/Roboto-Bold.ttf' (160K)
[2017.10.17-23.15.29:090][  0]LogSlate: Took 0.000239 seconds to synchronously load lazily loaded font '../../../Engine/Content/Editor/Slate/Fonts/FontAwesome.ttf' (139K)
[2017.10.17-23.15.29:243][  0]LogRenderer: Reallocating scene render targets to support 2180x1036 Format 10 NumSamples 1 (Frame:1).
[2017.10.17-23.15.29:561][  0]LogContentBrowser: Native class hierarchy updated for 'HierarchicalLODOutliner' in 0.0008 seconds. Added 1 classes and 2 folders.
[2017.10.17-23.15.29:562][  0]LogLoad: (Engine Initialization) Total time: 29.53 seconds
[2017.10.17-23.15.29:562][  0]LogLoad: (Engine Initialization) Total Blueprint compile time: 0.00 seconds
[2017.10.17-23.15.29:562][  0]LogExternalProfiler: Found external profiler: VSPerf
[2017.10.17-23.15.29:562][  0]LogExternalProfiler: Using external profiler: VSPerf
[2017.10.17-23.15.29:922][  0]SourceControl: On branch nick_new_branch
[2017.10.17-23.15.29:922][  0]SourceControl: Your branch is up-to-date with 'origin/nick_new_branch'.
[2017.10.17-23.15.29:922][  0]SourceControl: Changes not staged for commit:
[2017.10.17-23.15.29:923][  0]SourceControl:   (use "git add <file>..." to update what will be committed)
[2017.10.17-23.15.29:923][  0]SourceControl:   (use "git checkout -- <file>..." to discard changes in working directory)
[2017.10.17-23.15.29:923][  0]SourceControl: 	modified:   LostDog/Saved/Config/Windows/Engine.ini
[2017.10.17-23.15.29:923][  0]SourceControl: 	modified:   LostDog/Saved/Logs/LostDog.log
[2017.10.17-23.15.29:923][  0]SourceControl: Untracked files:
[2017.10.17-23.15.29:923][  0]SourceControl:   (use "git add <file>..." to include in what will be committed)
[2017.10.17-23.15.29:923][  0]SourceControl: 	LostDog/Saved/Config/CrashReportClient/UE4CC-Windows-6F4FFFA044D3A644D6C903BFFB1614CB/
[2017.10.17-23.15.29:923][  0]SourceControl: 	LostDog/Saved/Logs/LostDog-backup-2017.10.17-18.15.01.log
[2017.10.17-23.15.29:923][  0]SourceControl: no changes added to commit (use "git add" and/or "git commit -a")
[2017.10.17-23.15.29:923][  0]LogContentStreaming: Texture pool size now 1000 MB
[2017.10.17-23.15.30:254][  1]LogAssetRegistry: Asset discovery search completed in 19.3173 seconds
[2017.10.17-23.15.30:256][  1]LogCollectionManager: Rebuilt the object cache for 0 collections in 0.000001 seconds (found 0 objects)
[2017.10.17-23.15.30:256][  1]LogCollectionManager: Fixed up redirectors for 0 collections in 0.000057 seconds (updated 0 objects)
[2017.10.17-23.15.42:327][227]LogEditorViewport: Clicking on Actor (LMB): TopDownCharacter_C (TopDownCharacter)
[2017.10.17-23.15.43:739][312]LogSlate: Took 0.000176 seconds to synchronously load lazily loaded font '../../../Engine/Content/Slate/Fonts/Roboto-Light.ttf' (159K)
[2017.10.17-23.15.44:476][312]LogContentBrowser: Native class hierarchy updated for 'BlueprintGraph' in 0.0013 seconds. Added 113 classes and 0 folders.
[2017.10.17-23.15.46:155][312]LogSlate: Took 0.046719 seconds to synchronously load lazily loaded font '../../../Engine/Content/Editor/Slate/Fonts/Roboto-BoldCondensed.ttf' (158K)
[2017.10.17-23.15.46:707][313]LogSlate: Took 0.030245 seconds to synchronously load lazily loaded font '../../../Engine/Content/Editor/Slate/Fonts/Roboto-Italic.ttf' (157K)
[2017.10.17-23.17.02:580][763]BlueprintLog: New page: Compile TopDownCharacter
[2017.10.17-23.17.06:532][921]LogTemp: Repeating last play command: Selected Viewport
[2017.10.17-23.17.06:675][921]LogBlueprintUserMessages: Early PlayInEditor Detection: Level '/Game/TopDownBP/Maps/TopDownExampleMap.TopDownExampleMap:PersistentLevel' has LevelScriptBlueprint '/Game/TopDownBP/Maps/TopDownExampleMap.TopDownExampleMap:PersistentLevel.TopDownExampleMap' with GeneratedClass '/Game/TopDownBP/Maps/TopDownExampleMap.TopDownExampleMap_C' with ClassGeneratedBy '/Game/TopDownBP/Maps/TopDownExampleMap.TopDownExampleMap:PersistentLevel.TopDownExampleMap'
[2017.10.17-23.17.06:675][921]LogPlayLevel: PlayLevel: No blueprints needed recompiling
[2017.10.17-23.17.06:690][921]PIE: New page: PIE session: TopDownExampleMap (Oct 17, 2017, 1:17:06 PM)
[2017.10.17-23.17.06:690][921]LogPlayLevel: Creating play world package: /Game/TopDownBP/Maps/UEDPIE_0_TopDownExampleMap
[2017.10.17-23.17.06:714][921]LogPlayLevel: PIE: StaticDuplicateObject took: (0.023069s)
[2017.10.17-23.17.06:715][921]LogAIModule: Creating AISystem for world TopDownExampleMap
[2017.10.17-23.17.06:715][921]LogPlayLevel: PIE: World Init took: (0.001387s)
[2017.10.17-23.17.06:715][921]LogPlayLevel: PIE: Created PIE world by copying editor world from /Game/TopDownBP/Maps/TopDownExampleMap.TopDownExampleMap to /Game/TopDownBP/Maps/UEDPIE_0_TopDownExampleMap.TopDownExampleMap (0.025464s)
[2017.10.17-23.17.06:766][921]LogInit: XAudio2 using 'Speakers (Realtek High Definition Audio)' : 2 channels at 48 kHz using 32 bits per sample (channel mask 0x3)
[2017.10.17-23.17.06:782][921]LogInit: FAudioDevice initialized.
[2017.10.17-23.17.06:827][921]LogLoad: Game class is 'TopDownGameMode_C'
[2017.10.17-23.17.06:883][921]LogWorld: Bringing World /Game/TopDownBP/Maps/UEDPIE_0_TopDownExampleMap.TopDownExampleMap up for play (max tick rate 0) at 2017.10.17-18.17.06
[2017.10.17-23.17.06:918][921]LogWorld: Bringing up level for play took: 0.038027
[2017.10.17-23.17.07:041][921]LogContentBrowser: Native class hierarchy updated for 'MovieSceneCapture' in 0.0008 seconds. Added 11 classes and 0 folders.
[2017.10.17-23.17.07:067][921]PIE: Play in editor start time for /Game/TopDownBP/Maps/UEDPIE_0_TopDownExampleMap 0.648
[2017.10.17-23.17.07:067][921]LogBlueprintUserMessages: Late PlayInEditor Detection: Level '/Game/TopDownBP/Maps/TopDownExampleMap.TopDownExampleMap:PersistentLevel' has LevelScriptBlueprint '/Game/TopDownBP/Maps/TopDownExampleMap.TopDownExampleMap:PersistentLevel.TopDownExampleMap' with GeneratedClass '/Game/TopDownBP/Maps/TopDownExampleMap.TopDownExampleMap_C' with ClassGeneratedBy '/Game/TopDownBP/Maps/TopDownExampleMap.TopDownExampleMap:PersistentLevel.TopDownExampleMap'
[2017.10.17-23.17.10:489][270]LogBlueprintUserMessages: Early EndPlayMap Detection: Level '/Game/TopDownBP/Maps/TopDownExampleMap.TopDownExampleMap:PersistentLevel' has LevelScriptBlueprint '/Game/TopDownBP/Maps/TopDownExampleMap.TopDownExampleMap:PersistentLevel.TopDownExampleMap' with GeneratedClass '/Game/TopDownBP/Maps/TopDownExampleMap.TopDownExampleMap_C' with ClassGeneratedBy '/Game/TopDownBP/Maps/TopDownExampleMap.TopDownExampleMap:PersistentLevel.TopDownExampleMap'
[2017.10.17-23.17.10:590][270]LogBlueprintUserMessages: Late EndPlayMap Detection: Level '/Game/TopDownBP/Maps/TopDownExampleMap.TopDownExampleMap:PersistentLevel' has LevelScriptBlueprint '/Game/TopDownBP/Maps/TopDownExampleMap.TopDownExampleMap:PersistentLevel.TopDownExampleMap' with GeneratedClass '/Game/TopDownBP/Maps/TopDownExampleMap.TopDownExampleMap_C' with ClassGeneratedBy '/Game/TopDownBP/Maps/TopDownExampleMap.TopDownExampleMap:PersistentLevel.TopDownExampleMap'
[2017.10.17-23.17.24:472][951]LogEditorTransaction: Undo Modify Component(s)
[2017.10.17-23.17.24:663][951]LogSlate: Took 0.000216 seconds to synchronously load lazily loaded font '../../../Engine/Content/Slate/Fonts/Roboto-Light.ttf' (159K)
[2017.10.17-23.17.31:197][265]BlueprintLog: New page: Compile TopDownCharacter
[2017.10.17-23.17.33:680][382]LogTemp: Repeating last play command: Selected Viewport
[2017.10.17-23.17.33:713][382]LogBlueprintUserMessages: Early PlayInEditor Detection: Level '/Game/TopDownBP/Maps/TopDownExampleMap.TopDownExampleMap:PersistentLevel' has LevelScriptBlueprint '/Game/TopDownBP/Maps/TopDownExampleMap.TopDownExampleMap:PersistentLevel.TopDownExampleMap' with GeneratedClass '/Game/TopDownBP/Maps/TopDownExampleMap.TopDownExampleMap_C' with ClassGeneratedBy '/Game/TopDownBP/Maps/TopDownExampleMap.TopDownExampleMap:PersistentLevel.TopDownExampleMap'
[2017.10.17-23.17.33:713][382]LogPlayLevel: PlayLevel: No blueprints needed recompiling
[2017.10.17-23.17.33:713][382]PIE: New page: PIE session: TopDownExampleMap (Oct 17, 2017, 1:17:33 PM)
[2017.10.17-23.17.33:713][382]LogPlayLevel: Creating play world package: /Game/TopDownBP/Maps/UEDPIE_0_TopDownExampleMap
[2017.10.17-23.17.33:736][382]LogPlayLevel: PIE: StaticDuplicateObject took: (0.022324s)
[2017.10.17-23.17.33:737][382]LogAIModule: Creating AISystem for world TopDownExampleMap
[2017.10.17-23.17.33:737][382]LogPlayLevel: PIE: World Init took: (0.001477s)
[2017.10.17-23.17.33:738][382]LogPlayLevel: PIE: Created PIE world by copying editor world from /Game/TopDownBP/Maps/TopDownExampleMap.TopDownExampleMap to /Game/TopDownBP/Maps/UEDPIE_0_TopDownExampleMap.TopDownExampleMap (0.024267s)
[2017.10.17-23.17.33:787][382]LogInit: XAudio2 using 'Speakers (Realtek High Definition Audio)' : 2 channels at 48 kHz using 32 bits per sample (channel mask 0x3)
[2017.10.17-23.17.33:802][382]LogInit: FAudioDevice initialized.
[2017.10.17-23.17.33:838][382]LogLoad: Game class is 'TopDownGameMode_C'
[2017.10.17-23.17.33:842][382]LogWorld: Bringing World /Game/TopDownBP/Maps/UEDPIE_0_TopDownExampleMap.TopDownExampleMap up for play (max tick rate 0) at 2017.10.17-18.17.33
[2017.10.17-23.17.33:842][382]LogWorld: Bringing up level for play took: 0.003529
[2017.10.17-23.17.33:844][382]PIE: Play in editor start time for /Game/TopDownBP/Maps/UEDPIE_0_TopDownExampleMap -0.575
[2017.10.17-23.17.33:844][382]LogBlueprintUserMessages: Late PlayInEditor Detection: Level '/Game/TopDownBP/Maps/TopDownExampleMap.TopDownExampleMap:PersistentLevel' has LevelScriptBlueprint '/Game/TopDownBP/Maps/TopDownExampleMap.TopDownExampleMap:PersistentLevel.TopDownExampleMap' with GeneratedClass '/Game/TopDownBP/Maps/TopDownExampleMap.TopDownExampleMap_C' with ClassGeneratedBy '/Game/TopDownBP/Maps/TopDownExampleMap.TopDownExampleMap:PersistentLevel.TopDownExampleMap'
[2017.10.17-23.17.35:938][609]LogBlueprintUserMessages: Early EndPlayMap Detection: Level '/Game/TopDownBP/Maps/TopDownExampleMap.TopDownExampleMap:PersistentLevel' has LevelScriptBlueprint '/Game/TopDownBP/Maps/TopDownExampleMap.TopDownExampleMap:PersistentLevel.TopDownExampleMap' with GeneratedClass '/Game/TopDownBP/Maps/TopDownExampleMap.TopDownExampleMap_C' with ClassGeneratedBy '/Game/TopDownBP/Maps/TopDownExampleMap.TopDownExampleMap:PersistentLevel.TopDownExampleMap'
[2017.10.17-23.17.36:035][609]LogBlueprintUserMessages: Late EndPlayMap Detection: Level '/Game/TopDownBP/Maps/TopDownExampleMap.TopDownExampleMap:PersistentLevel' has LevelScriptBlueprint '/Game/TopDownBP/Maps/TopDownExampleMap.TopDownExampleMap:PersistentLevel.TopDownExampleMap' with GeneratedClass '/Game/TopDownBP/Maps/TopDownExampleMap.TopDownExampleMap_C' with ClassGeneratedBy '/Game/TopDownBP/Maps/TopDownExampleMap.TopDownExampleMap:PersistentLevel.TopDownExampleMap'
[2017.10.17-23.18.34:443][748]BlueprintLog: New page: Compile TopDownCharacter
[2017.10.17-23.18.41:118][ 39]BlueprintLog: New page: Compile TopDownCharacter
[2017.10.17-23.18.43:089][116]LogTemp: Repeating last play command: Selected Viewport
[2017.10.17-23.18.43:120][116]LogBlueprintUserMessages: Early PlayInEditor Detection: Level '/Game/TopDownBP/Maps/TopDownExampleMap.TopDownExampleMap:PersistentLevel' has LevelScriptBlueprint '/Game/TopDownBP/Maps/TopDownExampleMap.TopDownExampleMap:PersistentLevel.TopDownExampleMap' with GeneratedClass '/Game/TopDownBP/Maps/TopDownExampleMap.TopDownExampleMap_C' with ClassGeneratedBy '/Game/TopDownBP/Maps/TopDownExampleMap.TopDownExampleMap:PersistentLevel.TopDownExampleMap'
[2017.10.17-23.18.43:120][116]LogPlayLevel: PlayLevel: No blueprints needed recompiling
[2017.10.17-23.18.43:120][116]PIE: New page: PIE session: TopDownExampleMap (Oct 17, 2017, 1:18:43 PM)
[2017.10.17-23.18.43:120][116]LogPlayLevel: Creating play world package: /Game/TopDownBP/Maps/UEDPIE_0_TopDownExampleMap
[2017.10.17-23.18.43:142][116]LogPlayLevel: PIE: StaticDuplicateObject took: (0.021554s)
[2017.10.17-23.18.43:143][116]LogAIModule: Creating AISystem for world TopDownExampleMap
[2017.10.17-23.18.43:143][116]LogPlayLevel: PIE: World Init took: (0.001062s)
[2017.10.17-23.18.43:143][116]LogPlayLevel: PIE: Created PIE world by copying editor world from /Game/TopDownBP/Maps/TopDownExampleMap.TopDownExampleMap to /Game/TopDownBP/Maps/UEDPIE_0_TopDownExampleMap.TopDownExampleMap (0.022978s)
[2017.10.17-23.18.43:206][116]LogInit: XAudio2 using 'Speakers (Realtek High Definition Audio)' : 2 channels at 48 kHz using 32 bits per sample (channel mask 0x3)
[2017.10.17-23.18.43:220][116]LogInit: FAudioDevice initialized.
[2017.10.17-23.18.43:253][116]LogLoad: Game class is 'TopDownGameMode_C'
[2017.10.17-23.18.43:257][116]LogWorld: Bringing World /Game/TopDownBP/Maps/UEDPIE_0_TopDownExampleMap.TopDownExampleMap up for play (max tick rate 0) at 2017.10.17-18.18.43
[2017.10.17-23.18.43:257][116]LogWorld: Bringing up level for play took: 0.003307
[2017.10.17-23.18.43:259][116]PIE: Play in editor start time for /Game/TopDownBP/Maps/UEDPIE_0_TopDownExampleMap 0.84
[2017.10.17-23.18.43:259][116]LogBlueprintUserMessages: Late PlayInEditor Detection: Level '/Game/TopDownBP/Maps/TopDownExampleMap.TopDownExampleMap:PersistentLevel' has LevelScriptBlueprint '/Game/TopDownBP/Maps/TopDownExampleMap.TopDownExampleMap:PersistentLevel.TopDownExampleMap' with GeneratedClass '/Game/TopDownBP/Maps/TopDownExampleMap.TopDownExampleMap_C' with ClassGeneratedBy '/Game/TopDownBP/Maps/TopDownExampleMap.TopDownExampleMap:PersistentLevel.TopDownExampleMap'
[2017.10.17-23.18.49:178][770]LogBlueprintUserMessages: Early EndPlayMap Detection: Level '/Game/TopDownBP/Maps/TopDownExampleMap.TopDownExampleMap:PersistentLevel' has LevelScriptBlueprint '/Game/TopDownBP/Maps/TopDownExampleMap.TopDownExampleMap:PersistentLevel.TopDownExampleMap' with GeneratedClass '/Game/TopDownBP/Maps/TopDownExampleMap.TopDownExampleMap_C' with ClassGeneratedBy '/Game/TopDownBP/Maps/TopDownExampleMap.TopDownExampleMap:PersistentLevel.TopDownExampleMap'
[2017.10.17-23.18.49:271][770]LogBlueprintUserMessages: Late EndPlayMap Detection: Level '/Game/TopDownBP/Maps/TopDownExampleMap.TopDownExampleMap:PersistentLevel' has LevelScriptBlueprint '/Game/TopDownBP/Maps/TopDownExampleMap.TopDownExampleMap:PersistentLevel.TopDownExampleMap' with GeneratedClass '/Game/TopDownBP/Maps/TopDownExampleMap.TopDownExampleMap_C' with ClassGeneratedBy '/Game/TopDownBP/Maps/TopDownExampleMap.TopDownExampleMap:PersistentLevel.TopDownExampleMap'
[2017.10.17-23.19.06:967][879]LogTemp: Repeating last play command: Selected Viewport
[2017.10.17-23.19.06:994][879]LogBlueprintUserMessages: Early PlayInEditor Detection: Level '/Game/TopDownBP/Maps/TopDownExampleMap.TopDownExampleMap:PersistentLevel' has LevelScriptBlueprint '/Game/TopDownBP/Maps/TopDownExampleMap.TopDownExampleMap:PersistentLevel.TopDownExampleMap' with GeneratedClass '/Game/TopDownBP/Maps/TopDownExampleMap.TopDownExampleMap_C' with ClassGeneratedBy '/Game/TopDownBP/Maps/TopDownExampleMap.TopDownExampleMap:PersistentLevel.TopDownExampleMap'
[2017.10.17-23.19.06:994][879]LogPlayLevel: PlayLevel: No blueprints needed recompiling
[2017.10.17-23.19.06:994][879]PIE: New page: PIE session: TopDownExampleMap (Oct 17, 2017, 1:19:06 PM)
[2017.10.17-23.19.06:994][879]LogPlayLevel: Creating play world package: /Game/TopDownBP/Maps/UEDPIE_0_TopDownExampleMap
[2017.10.17-23.19.07:019][879]LogPlayLevel: PIE: StaticDuplicateObject took: (0.024691s)
[2017.10.17-23.19.07:021][879]LogAIModule: Creating AISystem for world TopDownExampleMap
[2017.10.17-23.19.07:021][879]LogPlayLevel: PIE: World Init took: (0.001947s)
[2017.10.17-23.19.07:022][879]LogPlayLevel: PIE: Created PIE world by copying editor world from /Game/TopDownBP/Maps/TopDownExampleMap.TopDownExampleMap to /Game/TopDownBP/Maps/UEDPIE_0_TopDownExampleMap.TopDownExampleMap (0.027210s)
[2017.10.17-23.19.07:085][879]LogInit: XAudio2 using 'Speakers (Realtek High Definition Audio)' : 2 channels at 48 kHz using 32 bits per sample (channel mask 0x3)
[2017.10.17-23.19.07:103][879]LogInit: FAudioDevice initialized.
[2017.10.17-23.19.07:140][879]LogLoad: Game class is 'TopDownGameMode_C'
[2017.10.17-23.19.07:143][879]LogWorld: Bringing World /Game/TopDownBP/Maps/UEDPIE_0_TopDownExampleMap.TopDownExampleMap up for play (max tick rate 0) at 2017.10.17-18.19.07
[2017.10.17-23.19.07:143][879]LogWorld: Bringing up level for play took: 0.002782
[2017.10.17-23.19.07:144][879]PIE: Play in editor start time for /Game/TopDownBP/Maps/UEDPIE_0_TopDownExampleMap 0.726
[2017.10.17-23.19.07:145][879]LogBlueprintUserMessages: Late PlayInEditor Detection: Level '/Game/TopDownBP/Maps/TopDownExampleMap.TopDownExampleMap:PersistentLevel' has LevelScriptBlueprint '/Game/TopDownBP/Maps/TopDownExampleMap.TopDownExampleMap:PersistentLevel.TopDownExampleMap' with GeneratedClass '/Game/TopDownBP/Maps/TopDownExampleMap.TopDownExampleMap_C' with ClassGeneratedBy '/Game/TopDownBP/Maps/TopDownExampleMap.TopDownExampleMap:PersistentLevel.TopDownExampleMap'
[2017.10.17-23.19.16:664][950]LogBlueprintUserMessages: Early EndPlayMap Detection: Level '/Game/TopDownBP/Maps/TopDownExampleMap.TopDownExampleMap:PersistentLevel' has LevelScriptBlueprint '/Game/TopDownBP/Maps/TopDownExampleMap.TopDownExampleMap:PersistentLevel.TopDownExampleMap' with GeneratedClass '/Game/TopDownBP/Maps/TopDownExampleMap.TopDownExampleMap_C' with ClassGeneratedBy '/Game/TopDownBP/Maps/TopDownExampleMap.TopDownExampleMap:PersistentLevel.TopDownExampleMap'
[2017.10.17-23.19.16:782][950]LogBlueprintUserMessages: Late EndPlayMap Detection: Level '/Game/TopDownBP/Maps/TopDownExampleMap.TopDownExampleMap:PersistentLevel' has LevelScriptBlueprint '/Game/TopDownBP/Maps/TopDownExampleMap.TopDownExampleMap:PersistentLevel.TopDownExampleMap' with GeneratedClass '/Game/TopDownBP/Maps/TopDownExampleMap.TopDownExampleMap_C' with ClassGeneratedBy '/Game/TopDownBP/Maps/TopDownExampleMap.TopDownExampleMap:PersistentLevel.TopDownExampleMap'
[2017.10.17-23.19.18:414][ 29]LogEditorViewport: Clicking on Actor (LMB): StaticMeshActor (Cube)
[2017.10.17-23.19.22:599][431]Cmd: TRANSACTION UNDO
[2017.10.17-23.19.22:599][431]LogEditorTransaction: Undo Rotate Actors
[2017.10.17-23.22.39:662][813]LogEditorViewport: Clicking on Actor (LMB): StaticMeshActor (Cube8)
[2017.10.17-23.22.44:596][199]LogEditorViewport: Clicking on Actor (LMB): StaticMeshActor (Cube24)
[2017.10.17-23.22.46:546][338]LogEditorViewport: Clicking on Actor (LMB): StaticMeshActor (Cube10)
[2017.10.17-23.22.49:373][543]LogEditorViewport: Clicking on Actor (LMB): StaticMeshActor (Floor)
[2017.10.17-23.22.49:706][561]LogEditorViewport: Clicking on Actor (LMB): StaticMeshActor (Cube25)
[2017.10.17-23.22.52:675][792]LogEditorViewport: Clicking on Actor (LMB): StaticMeshActor (Cube26)
[2017.10.17-23.22.56:782][102]LogEditorViewport: Clicking on Actor (LMB): StaticMeshActor (Cube22)
[2017.10.17-23.23.07:237][861]MapCheck: New page: Map Check
[2017.10.17-23.23.07:290][861]LightingResults: New page: Lighting Build - Oct 17, 2017, 1:23:07 PM
[2017.10.17-23.23.07:671][861]LogSwarmInterface: [OpenConnection] Registering TCP channel ...
[2017.10.17-23.23.07:790][861]LogSwarmInterface: [OpenConnection] Connecting to agent ...
[2017.10.17-23.23.07:963][861]LogSwarmInterface: [TryOpenConnection] Testing the Agent
[2017.10.17-23.23.11:503][861]LogSwarmInterface: Error: [TryOpenConnection] Waiting for the agent to start up ...
[2017.10.17-23.23.11:537][861]LogSwarmInterface: Error: System.Net.Sockets.SocketException (0x80004005): No connection could be made because the target machine actively refused it 127.0.0.1:8008

Server stack trace: 
   at System.Net.Sockets.Socket.DoConnect(EndPoint endPointSnapshot, SocketAddress socketAddress)
   at System.Net.Sockets.Socket.Connect(EndPoint remoteEP)
   at System.Runtime.Remoting.Channels.RemoteConnection.CreateNewSocket(EndPoint ipEndPoint)
   at System.Runtime.Remoting.Channels.SocketCache.GetSocket(String machinePortAndSid, Boolean openNew)
   at System.Runtime.Remoting.Channels.Tcp.TcpClientTransportSink.SendRequestWithRetry(IMessage msg, ITransportHeaders requestHeaders, Stream requestStream)
   at System.Runtime.Remoting.Channels.Tcp.TcpClientTransportSink.AsyncProcessRequest(IClientChannelSinkStack sinkStack, IMessage msg, ITransportHeaders headers, Stream stream)
   at System.Runtime.Remoting.Channels.BinaryClientFormatterSink.AsyncProcessMessage(IMessage msg, IMessageSink replySink)

Exception rethrown at [0]: 
   at System.Runtime.Remoting.Proxies.RealProxy.HandleReturnMessage(IMessage reqMsg, IMessage retMsg)
   at System.Runtime.Remoting.Proxies.RealProxy.PrivateInvoke(MessageData& msgData, Int32 type)
   at NSwarm.IAgentInterfaceWrapper.MethodDelegate.EndInvoke(Hashtable& OutParameters, IAsyncResult result)
   at NSwarm.FSwarmInterface.TryOpenConnection(FConnectionCallback CallbackFunc, IntPtr CallbackData, ELogFlags LoggingFlags)
[2017.10.17-23.23.16:592][861]LogSwarmInterface: [TryOpenConnection] Opening Connection to Agent
[2017.10.17-23.23.16:592][861]LogSwarmInterface: [TryOpenConnection] Local Process ID is 8104
[2017.10.17-23.23.18:962][861]LogStaticLightingSystem: Running Lightmass w/ ImmediateImport mode ENABLED
[2017.10.17-23.23.18:962][861]LogStaticLightingSystem: Running Lightmass w/ ImmediateProcess mode ENABLED
[2017.10.17-23.23.18:962][861]LogStaticLightingSystem: Running Lightmass w/ Sorting mode ENABLED
[2017.10.17-23.23.18:962][861]LogStaticLightingSystem: Running Lightmass w/ Mapping paddings ENABLED
[2017.10.17-23.23.18:962][861]LogStaticLightingSystem: Running Lightmass w/ Mapping debug paddings DISABLED
[2017.10.17-23.23.19:528][861]LogEditorBuildUtils: Build time 0:12
[2017.10.17-23.23.50:354][192]Job is a success!
[2017.10.17-23.23.52:966][193]LogTexture: Display: Building textures: LQ_Lightmap_1_2 (DXT1, 512X512)
[2017.10.17-23.23.52:966][193]LogTexture: Display: Building textures: SkyOcclusion1_1 (AutoDXT, 1024X512)
[2017.10.17-23.23.52:966][193]LogTexture: Display: Building textures: SkyOcclusion1_2 (AutoDXT, 512X256)
[2017.10.17-23.23.52:966][193]LogTexture: Display: Building textures: HQ_Lightmap1_1 (AutoDXT, 1024X1024)
[2017.10.17-23.23.52:966][193]LogTexture: Display: Building textures: HQ_Lightmap1_2 (AutoDXT, 512X512)
[2017.10.17-23.23.52:966][193]LogTexture: Display: Building textures: LQ_Lightmap_1_1 (DXT1, 1024X1024)
[2017.10.17-23.23.52:966][193]LogTexture: Display: Building textures: SkyOcclusion1_3 (AutoDXT, 64X32)
[2017.10.17-23.23.52:966][193]LogTexture: Display: Building textures: LQ_Lightmap_1_3 (DXT1, 64X64)
[2017.10.17-23.23.52:966][193]LogTexture: Display: Building textures: HQ_Lightmap1_3 (AutoDXT, 64X64)
[2017.10.17-23.23.53:567][193]LogTexture: Display: Building textures: ShadowMapTexture2D_3 (G8, 32X32)
[2017.10.17-23.23.53:791][193]LogTexture: Display: Building textures: ShadowMapTexture2D_2 (G8, 1024X1024)
[2017.10.17-23.23.54:525][193]Lightmass on DESKTOP-Q1LC7F5: 26.6 sec total, 370 ms importing, 61 ms setup, 13.0 sec photons, 13.1 sec processing, 0 ms extra exporting [25/25 mappings]. Threads: 1:31 min total, 39.9 sec processing.
[2017.10.17-23.23.54:593][193]LogStaticLightingSystem: Illumination: 47.2 sec (860 ms encoding lightmaps, 824 ms encoding shadowmaps)
[2017.10.17-23.23.54:593][193]LogStaticLightingSystem: Lightmap texture memory:  3.3 MB (3.3 MB streaming, 0.0 MB non-streaming), 6 textures
[2017.10.17-23.23.54:593][193]LogStaticLightingSystem: Shadowmap texture memory: 1.3 MB (1.3 MB streaming, 0.0 MB non-streaming), 2 textures
[2017.10.17-23.24.00:944][193]DumpUnbuiltLightIteractions
[2017.10.17-23.24.00:944][193]Lights with unbuilt interactions: 0
[2017.10.17-23.24.00:944][193]
[2017.10.17-23.24.00:944][193]Primitives with unbuilt interactions: 0
[2017.10.17-23.24.00:953][194]Cmd: MAP CHECK NOTIFYRESULTS
[2017.10.17-23.24.00:953][194]MapCheck: New page: TopDownExampleMap - Oct 17, 2017, 1:24:00 PM
[2017.10.17-23.24.01:153][194]MapCheck: Map check complete: 0 Error(s), 0 Warning(s), took 200.316ms to complete.
[2017.10.17-23.24.08:406][842]LogEditorViewport: Clicking on Actor (LMB): BP_Sky_Sphere_C (SkySphereBlueprint)
[2017.10.17-23.24.09:585][935]LogEditorViewport: Clicking on Actor (LMB): DirectionalLight (Light Source)
[2017.10.17-23.24.20:790][888]Cmd: SELECT NONE
[2017.10.17-23.24.22:326][ 42]MapCheck: New page: Map Check
[2017.10.17-23.24.22:340][ 42]LightingResults: New page: Lighting Build - Oct 17, 2017, 1:24:22 PM
[2017.10.17-23.24.22:357][ 42]LogSwarmInterface: [OpenConnection] Registering TCP channel ...
[2017.10.17-23.24.22:359][ 42]LogSwarmInterface: [OpenConnection] Connecting to agent ...
[2017.10.17-23.24.22:359][ 42]LogSwarmInterface: [TryOpenConnection] Testing the Agent
[2017.10.17-23.24.22:359][ 42]LogSwarmInterface: [TryOpenConnection] Opening Connection to Agent
[2017.10.17-23.24.22:359][ 42]LogSwarmInterface: [TryOpenConnection] Local Process ID is 8104
[2017.10.17-23.24.24:617][ 42]LogStaticLightingSystem: Running Lightmass w/ ImmediateImport mode ENABLED
[2017.10.17-23.24.24:617][ 42]LogStaticLightingSystem: Running Lightmass w/ ImmediateProcess mode ENABLED
[2017.10.17-23.24.24:617][ 42]LogStaticLightingSystem: Running Lightmass w/ Sorting mode ENABLED
[2017.10.17-23.24.24:617][ 42]LogStaticLightingSystem: Running Lightmass w/ Mapping paddings ENABLED
[2017.10.17-23.24.24:617][ 42]LogStaticLightingSystem: Running Lightmass w/ Mapping debug paddings DISABLED
[2017.10.17-23.24.24:726][ 42]LogEditorBuildUtils: Build time 0:02
[2017.10.17-23.24.49:096][486]Job is a success!
[2017.10.17-23.24.50:045][487]LogTexture: Display: Building textures: SkyOcclusion0_1 (AutoDXT, 1024X512)
[2017.10.17-23.24.50:046][487]LogTexture: Display: Building textures: HQ_Lightmap0_1 (AutoDXT, 1024X1024)
[2017.10.17-23.24.50:046][487]LogTexture: Display: Building textures: SkyOcclusion0_2 (AutoDXT, 512X256)
[2017.10.17-23.24.50:046][487]LogTexture: Display: Building textures: HQ_Lightmap0_2 (AutoDXT, 512X512)
[2017.10.17-23.24.50:046][487]LogTexture: Display: Building textures: LQ_Lightmap_0_1 (DXT1, 1024X1024)
[2017.10.17-23.24.50:046][487]LogTexture: Display: Building textures: LQ_Lightmap_0_2 (DXT1, 512X512)
[2017.10.17-23.24.50:046][487]LogTexture: Display: Building textures: HQ_Lightmap0_3 (AutoDXT, 64X64)
[2017.10.17-23.24.50:047][487]LogTexture: Display: Building textures: SkyOcclusion0_3 (AutoDXT, 64X32)
[2017.10.17-23.24.50:047][487]LogTexture: Display: Building textures: LQ_Lightmap_0_3 (DXT1, 64X64)
[2017.10.17-23.24.50:445][487]LogTexture: Display: Building textures: ShadowMapTexture2D_5 (G8, 32X32)
[2017.10.17-23.24.50:912][487]LogTexture: Display: Building textures: ShadowMapTexture2D_4 (G8, 1024X1024)
[2017.10.17-23.24.50:969][487]Lightmass on DESKTOP-Q1LC7F5: 25.3 sec total, 197 ms importing, 45 ms setup, 13.2 sec photons, 11.7 sec processing, 0 ms extra exporting [25/25 mappings]. Threads: 1:22 min total, 34.8 sec processing.
[2017.10.17-23.24.50:975][487]LogStaticLightingSystem: Illumination: 28.6 sec (829 ms encoding lightmaps, 864 ms encoding shadowmaps)
[2017.10.17-23.24.50:975][487]LogStaticLightingSystem: Lightmap texture memory:  3.3 MB (3.3 MB streaming, 0.0 MB non-streaming), 6 textures
[2017.10.17-23.24.50:975][487]LogStaticLightingSystem: Shadowmap texture memory: 1.3 MB (1.3 MB streaming, 0.0 MB non-streaming), 2 textures
[2017.10.17-23.24.51:625][487]DumpUnbuiltLightIteractions
[2017.10.17-23.24.51:625][487]Lights with unbuilt interactions: 0
[2017.10.17-23.24.51:625][487]
[2017.10.17-23.24.51:625][487]Primitives with unbuilt interactions: 0
[2017.10.17-23.24.51:633][488]Cmd: MAP CHECK NOTIFYRESULTS
[2017.10.17-23.24.51:633][488]MapCheck: New page: TopDownExampleMap - Oct 17, 2017, 1:24:51 PM
[2017.10.17-23.24.51:815][488]MapCheck: Map check complete: 0 Error(s), 0 Warning(s), took 182.444ms to complete.
[2017.10.17-23.25.12:483][801]LogTemp: Repeating last play command: Selected Viewport
[2017.10.17-23.25.12:511][801]LogBlueprintUserMessages: Early PlayInEditor Detection: Level '/Game/TopDownBP/Maps/TopDownExampleMap.TopDownExampleMap:PersistentLevel' has LevelScriptBlueprint '/Game/TopDownBP/Maps/TopDownExampleMap.TopDownExampleMap:PersistentLevel.TopDownExampleMap' with GeneratedClass '/Game/TopDownBP/Maps/TopDownExampleMap.TopDownExampleMap_C' with ClassGeneratedBy '/Game/TopDownBP/Maps/TopDownExampleMap.TopDownExampleMap:PersistentLevel.TopDownExampleMap'
[2017.10.17-23.25.12:512][801]LogPlayLevel: PlayLevel: No blueprints needed recompiling
[2017.10.17-23.25.12:512][801]PIE: New page: PIE session: TopDownExampleMap (Oct 17, 2017, 1:25:12 PM)
[2017.10.17-23.25.12:512][801]LogPlayLevel: Creating play world package: /Game/TopDownBP/Maps/UEDPIE_0_TopDownExampleMap
[2017.10.17-23.25.12:534][801]LogPlayLevel: PIE: StaticDuplicateObject took: (0.022471s)
[2017.10.17-23.25.12:536][801]LogAIModule: Creating AISystem for world TopDownExampleMap
[2017.10.17-23.25.12:536][801]LogPlayLevel: PIE: World Init took: (0.001663s)
[2017.10.17-23.25.12:537][801]LogPlayLevel: PIE: Created PIE world by copying editor world from /Game/TopDownBP/Maps/TopDownExampleMap.TopDownExampleMap to /Game/TopDownBP/Maps/UEDPIE_0_TopDownExampleMap.TopDownExampleMap (0.024819s)
[2017.10.17-23.25.12:581][801]LogInit: XAudio2 using 'Speakers (Realtek High Definition Audio)' : 2 channels at 48 kHz using 32 bits per sample (channel mask 0x3)
[2017.10.17-23.25.12:598][801]LogInit: FAudioDevice initialized.
[2017.10.17-23.25.12:632][801]LogLoad: Game class is 'TopDownGameMode_C'
[2017.10.17-23.25.12:637][801]LogWorld: Bringing World /Game/TopDownBP/Maps/UEDPIE_0_TopDownExampleMap.TopDownExampleMap up for play (max tick rate 0) at 2017.10.17-18.25.12
[2017.10.17-23.25.12:637][801]LogWorld: Bringing up level for play took: 0.004637
[2017.10.17-23.25.12:639][801]PIE: Play in editor start time for /Game/TopDownBP/Maps/UEDPIE_0_TopDownExampleMap 0.221
[2017.10.17-23.25.12:640][801]LogBlueprintUserMessages: Late PlayInEditor Detection: Level '/Game/TopDownBP/Maps/TopDownExampleMap.TopDownExampleMap:PersistentLevel' has LevelScriptBlueprint '/Game/TopDownBP/Maps/TopDownExampleMap.TopDownExampleMap:PersistentLevel.TopDownExampleMap' with GeneratedClass '/Game/TopDownBP/Maps/TopDownExampleMap.TopDownExampleMap_C' with ClassGeneratedBy '/Game/TopDownBP/Maps/TopDownExampleMap.TopDownExampleMap:PersistentLevel.TopDownExampleMap'
[2017.10.17-23.25.24:739][228]LogBlueprintUserMessages: Early EndPlayMap Detection: Level '/Game/TopDownBP/Maps/TopDownExampleMap.TopDownExampleMap:PersistentLevel' has LevelScriptBlueprint '/Game/TopDownBP/Maps/TopDownExampleMap.TopDownExampleMap:PersistentLevel.TopDownExampleMap' with GeneratedClass '/Game/TopDownBP/Maps/TopDownExampleMap.TopDownExampleMap_C' with ClassGeneratedBy '/Game/TopDownBP/Maps/TopDownExampleMap.TopDownExampleMap:PersistentLevel.TopDownExampleMap'
[2017.10.17-23.25.24:780][228]LogBlueprintUserMessages: Late EndPlayMap Detection: Level '/Game/TopDownBP/Maps/TopDownExampleMap.TopDownExampleMap:PersistentLevel' has LevelScriptBlueprint '/Game/TopDownBP/Maps/TopDownExampleMap.TopDownExampleMap:PersistentLevel.TopDownExampleMap' with GeneratedClass '/Game/TopDownBP/Maps/TopDownExampleMap.TopDownExampleMap_C' with ClassGeneratedBy '/Game/TopDownBP/Maps/TopDownExampleMap.TopDownExampleMap:PersistentLevel.TopDownExampleMap'
[2017.10.17-23.25.35:208][998]BlueprintLog: New page: Compile TopDownCharacter
[2017.10.17-23.25.42:533][353]LogTemp: Repeating last play command: Selected Viewport
[2017.10.17-23.25.42:557][353]LogBlueprintUserMessages: Early PlayInEditor Detection: Level '/Game/TopDownBP/Maps/TopDownExampleMap.TopDownExampleMap:PersistentLevel' has LevelScriptBlueprint '/Game/TopDownBP/Maps/TopDownExampleMap.TopDownExampleMap:PersistentLevel.TopDownExampleMap' with GeneratedClass '/Game/TopDownBP/Maps/TopDownExampleMap.TopDownExampleMap_C' with ClassGeneratedBy '/Game/TopDownBP/Maps/TopDownExampleMap.TopDownExampleMap:PersistentLevel.TopDownExampleMap'
[2017.10.17-23.25.42:557][353]LogPlayLevel: PlayLevel: No blueprints needed recompiling
[2017.10.17-23.25.42:557][353]PIE: New page: PIE session: TopDownExampleMap (Oct 17, 2017, 1:25:42 PM)
[2017.10.17-23.25.42:557][353]LogPlayLevel: Creating play world package: /Game/TopDownBP/Maps/UEDPIE_0_TopDownExampleMap
[2017.10.17-23.25.42:572][353]LogPlayLevel: PIE: StaticDuplicateObject took: (0.014971s)
[2017.10.17-23.25.42:573][353]LogAIModule: Creating AISystem for world TopDownExampleMap
[2017.10.17-23.25.42:573][353]LogPlayLevel: PIE: World Init took: (0.001162s)
[2017.10.17-23.25.42:574][353]LogPlayLevel: PIE: Created PIE world by copying editor world from /Game/TopDownBP/Maps/TopDownExampleMap.TopDownExampleMap to /Game/TopDownBP/Maps/UEDPIE_0_TopDownExampleMap.TopDownExampleMap (0.016519s)
[2017.10.17-23.25.42:605][353]LogInit: XAudio2 using 'Speakers (Realtek High Definition Audio)' : 2 channels at 48 kHz using 32 bits per sample (channel mask 0x3)
[2017.10.17-23.25.42:615][353]LogInit: FAudioDevice initialized.
[2017.10.17-23.25.42:648][353]LogLoad: Game class is 'TopDownGameMode_C'
[2017.10.17-23.25.42:651][353]LogWorld: Bringing World /Game/TopDownBP/Maps/UEDPIE_0_TopDownExampleMap.TopDownExampleMap up for play (max tick rate 0) at 2017.10.17-18.25.42
[2017.10.17-23.25.42:651][353]LogWorld: Bringing up level for play took: 0.002487
[2017.10.17-23.25.42:652][353]PIE: Play in editor start time for /Game/TopDownBP/Maps/UEDPIE_0_TopDownExampleMap 0.234
[2017.10.17-23.25.42:652][353]LogBlueprintUserMessages: Late PlayInEditor Detection: Level '/Game/TopDownBP/Maps/TopDownExampleMap.TopDownExampleMap:PersistentLevel' has LevelScriptBlueprint '/Game/TopDownBP/Maps/TopDownExampleMap.TopDownExampleMap:PersistentLevel.TopDownExampleMap' with GeneratedClass '/Game/TopDownBP/Maps/TopDownExampleMap.TopDownExampleMap_C' with ClassGeneratedBy '/Game/TopDownBP/Maps/TopDownExampleMap.TopDownExampleMap:PersistentLevel.TopDownExampleMap'
[2017.10.17-23.25.49:741][194]LogBlueprintUserMessages: Early EndPlayMap Detection: Level '/Game/TopDownBP/Maps/TopDownExampleMap.TopDownExampleMap:PersistentLevel' has LevelScriptBlueprint '/Game/TopDownBP/Maps/TopDownExampleMap.TopDownExampleMap:PersistentLevel.TopDownExampleMap' with GeneratedClass '/Game/TopDownBP/Maps/TopDownExampleMap.TopDownExampleMap_C' with ClassGeneratedBy '/Game/TopDownBP/Maps/TopDownExampleMap.TopDownExampleMap:PersistentLevel.TopDownExampleMap'
[2017.10.17-23.25.49:824][194]LogBlueprintUserMessages: Late EndPlayMap Detection: Level '/Game/TopDownBP/Maps/TopDownExampleMap.TopDownExampleMap:PersistentLevel' has LevelScriptBlueprint '/Game/TopDownBP/Maps/TopDownExampleMap.TopDownExampleMap:PersistentLevel.TopDownExampleMap' with GeneratedClass '/Game/TopDownBP/Maps/TopDownExampleMap.TopDownExampleMap_C' with ClassGeneratedBy '/Game/TopDownBP/Maps/TopDownExampleMap.TopDownExampleMap:PersistentLevel.TopDownExampleMap'
[2017.10.17-23.25.58:184][793]BlueprintLog: New page: Compile TopDownCharacter
[2017.10.17-23.25.59:981][884]LogTemp: Repeating last play command: Selected Viewport
[2017.10.17-23.26.00:013][884]LogBlueprintUserMessages: Early PlayInEditor Detection: Level '/Game/TopDownBP/Maps/TopDownExampleMap.TopDownExampleMap:PersistentLevel' has LevelScriptBlueprint '/Game/TopDownBP/Maps/TopDownExampleMap.TopDownExampleMap:PersistentLevel.TopDownExampleMap' with GeneratedClass '/Game/TopDownBP/Maps/TopDownExampleMap.TopDownExampleMap_C' with ClassGeneratedBy '/Game/TopDownBP/Maps/TopDownExampleMap.TopDownExampleMap:PersistentLevel.TopDownExampleMap'
[2017.10.17-23.26.00:013][884]LogPlayLevel: PlayLevel: No blueprints needed recompiling
[2017.10.17-23.26.00:013][884]PIE: New page: PIE session: TopDownExampleMap (Oct 17, 2017, 1:26:00 PM)
[2017.10.17-23.26.00:013][884]LogPlayLevel: Creating play world package: /Game/TopDownBP/Maps/UEDPIE_0_TopDownExampleMap
[2017.10.17-23.26.00:031][884]LogPlayLevel: PIE: StaticDuplicateObject took: (0.017623s)
[2017.10.17-23.26.00:032][884]LogAIModule: Creating AISystem for world TopDownExampleMap
[2017.10.17-23.26.00:032][884]LogPlayLevel: PIE: World Init took: (0.001308s)
[2017.10.17-23.26.00:033][884]LogPlayLevel: PIE: Created PIE world by copying editor world from /Game/TopDownBP/Maps/TopDownExampleMap.TopDownExampleMap to /Game/TopDownBP/Maps/UEDPIE_0_TopDownExampleMap.TopDownExampleMap (0.019328s)
[2017.10.17-23.26.00:080][884]LogInit: XAudio2 using 'Speakers (Realtek High Definition Audio)' : 2 channels at 48 kHz using 32 bits per sample (channel mask 0x3)
[2017.10.17-23.26.00:093][884]LogInit: FAudioDevice initialized.
[2017.10.17-23.26.00:125][884]LogLoad: Game class is 'TopDownGameMode_C'
[2017.10.17-23.26.00:128][884]LogWorld: Bringing World /Game/TopDownBP/Maps/UEDPIE_0_TopDownExampleMap.TopDownExampleMap up for play (max tick rate 0) at 2017.10.17-18.26.00
[2017.10.17-23.26.00:128][884]LogWorld: Bringing up level for play took: 0.002949
[2017.10.17-23.26.00:130][884]PIE: Play in editor start time for /Game/TopDownBP/Maps/UEDPIE_0_TopDownExampleMap -0.288
[2017.10.17-23.26.00:130][884]LogBlueprintUserMessages: Late PlayInEditor Detection: Level '/Game/TopDownBP/Maps/TopDownExampleMap.TopDownExampleMap:PersistentLevel' has LevelScriptBlueprint '/Game/TopDownBP/Maps/TopDownExampleMap.TopDownExampleMap:PersistentLevel.TopDownExampleMap' with GeneratedClass '/Game/TopDownBP/Maps/TopDownExampleMap.TopDownExampleMap_C' with ClassGeneratedBy '/Game/TopDownBP/Maps/TopDownExampleMap.TopDownExampleMap:PersistentLevel.TopDownExampleMap'
[2017.10.17-23.26.10:567][125]LogBlueprintUserMessages: Early EndPlayMap Detection: Level '/Game/TopDownBP/Maps/TopDownExampleMap.TopDownExampleMap:PersistentLevel' has LevelScriptBlueprint '/Game/TopDownBP/Maps/TopDownExampleMap.TopDownExampleMap:PersistentLevel.TopDownExampleMap' with GeneratedClass '/Game/TopDownBP/Maps/TopDownExampleMap.TopDownExampleMap_C' with ClassGeneratedBy '/Game/TopDownBP/Maps/TopDownExampleMap.TopDownExampleMap:PersistentLevel.TopDownExampleMap'
[2017.10.17-23.26.10:651][125]LogBlueprintUserMessages: Late EndPlayMap Detection: Level '/Game/TopDownBP/Maps/TopDownExampleMap.TopDownExampleMap:PersistentLevel' has LevelScriptBlueprint '/Game/TopDownBP/Maps/TopDownExampleMap.TopDownExampleMap:PersistentLevel.TopDownExampleMap' with GeneratedClass '/Game/TopDownBP/Maps/TopDownExampleMap.TopDownExampleMap_C' with ClassGeneratedBy '/Game/TopDownBP/Maps/TopDownExampleMap.TopDownExampleMap:PersistentLevel.TopDownExampleMap'
[2017.10.17-23.26.15:905][461]BlueprintLog: New page: Compile TopDownCharacter
[2017.10.17-23.26.17:545][545]LogTemp: Repeating last play command: Selected Viewport
[2017.10.17-23.26.17:572][545]LogBlueprintUserMessages: Early PlayInEditor Detection: Level '/Game/TopDownBP/Maps/TopDownExampleMap.TopDownExampleMap:PersistentLevel' has LevelScriptBlueprint '/Game/TopDownBP/Maps/TopDownExampleMap.TopDownExampleMap:PersistentLevel.TopDownExampleMap' with GeneratedClass '/Game/TopDownBP/Maps/TopDownExampleMap.TopDownExampleMap_C' with ClassGeneratedBy '/Game/TopDownBP/Maps/TopDownExampleMap.TopDownExampleMap:PersistentLevel.TopDownExampleMap'
[2017.10.17-23.26.17:572][545]LogPlayLevel: PlayLevel: No blueprints needed recompiling
[2017.10.17-23.26.17:572][545]PIE: New page: PIE session: TopDownExampleMap (Oct 17, 2017, 1:26:17 PM)
[2017.10.17-23.26.17:572][545]LogPlayLevel: Creating play world package: /Game/TopDownBP/Maps/UEDPIE_0_TopDownExampleMap
[2017.10.17-23.26.17:589][545]LogPlayLevel: PIE: StaticDuplicateObject took: (0.016440s)
[2017.10.17-23.26.17:590][545]LogAIModule: Creating AISystem for world TopDownExampleMap
[2017.10.17-23.26.17:590][545]LogPlayLevel: PIE: World Init took: (0.001193s)
[2017.10.17-23.26.17:590][545]LogPlayLevel: PIE: Created PIE world by copying editor world from /Game/TopDownBP/Maps/TopDownExampleMap.TopDownExampleMap to /Game/TopDownBP/Maps/UEDPIE_0_TopDownExampleMap.TopDownExampleMap (0.018079s)
[2017.10.17-23.26.17:646][545]LogInit: XAudio2 using 'Speakers (Realtek High Definition Audio)' : 2 channels at 48 kHz using 32 bits per sample (channel mask 0x3)
[2017.10.17-23.26.17:659][545]LogInit: FAudioDevice initialized.
[2017.10.17-23.26.17:697][545]LogLoad: Game class is 'TopDownGameMode_C'
[2017.10.17-23.26.17:701][545]LogWorld: Bringing World /Game/TopDownBP/Maps/UEDPIE_0_TopDownExampleMap.TopDownExampleMap up for play (max tick rate 0) at 2017.10.17-18.26.17
[2017.10.17-23.26.17:701][545]LogWorld: Bringing up level for play took: 0.003179
[2017.10.17-23.26.17:702][545]PIE: Play in editor start time for /Game/TopDownBP/Maps/UEDPIE_0_TopDownExampleMap -0.716
[2017.10.17-23.26.17:703][545]LogBlueprintUserMessages: Late PlayInEditor Detection: Level '/Game/TopDownBP/Maps/TopDownExampleMap.TopDownExampleMap:PersistentLevel' has LevelScriptBlueprint '/Game/TopDownBP/Maps/TopDownExampleMap.TopDownExampleMap:PersistentLevel.TopDownExampleMap' with GeneratedClass '/Game/TopDownBP/Maps/TopDownExampleMap.TopDownExampleMap_C' with ClassGeneratedBy '/Game/TopDownBP/Maps/TopDownExampleMap.TopDownExampleMap:PersistentLevel.TopDownExampleMap'
[2017.10.17-23.26.29:518][951]LogBlueprintUserMessages: Early EndPlayMap Detection: Level '/Game/TopDownBP/Maps/TopDownExampleMap.TopDownExampleMap:PersistentLevel' has LevelScriptBlueprint '/Game/TopDownBP/Maps/TopDownExampleMap.TopDownExampleMap:PersistentLevel.TopDownExampleMap' with GeneratedClass '/Game/TopDownBP/Maps/TopDownExampleMap.TopDownExampleMap_C' with ClassGeneratedBy '/Game/TopDownBP/Maps/TopDownExampleMap.TopDownExampleMap:PersistentLevel.TopDownExampleMap'
[2017.10.17-23.26.29:598][951]LogBlueprintUserMessages: Late EndPlayMap Detection: Level '/Game/TopDownBP/Maps/TopDownExampleMap.TopDownExampleMap:PersistentLevel' has LevelScriptBlueprint '/Game/TopDownBP/Maps/TopDownExampleMap.TopDownExampleMap:PersistentLevel.TopDownExampleMap' with GeneratedClass '/Game/TopDownBP/Maps/TopDownExampleMap.TopDownExampleMap_C' with ClassGeneratedBy '/Game/TopDownBP/Maps/TopDownExampleMap.TopDownExampleMap:PersistentLevel.TopDownExampleMap'
[2017.10.17-23.26.47:438][242]Cmd: SELECT NONE
[2017.10.17-23.26.51:069][599]LogSavePackage: Save=157.84ms
[2017.10.17-23.26.51:069][599]LogSavePackage: Moving '../../../../../../Users/Nick/Documents/Unreal Projects/Adv Game Intimacy/LostDoggo/LostDog/Saved/TopDownExampleMap1663A85D401872F21AF3DDADB0EE9836.tmp' to '../../../../../../Users/Nick/Documents/Unreal Projects/Adv Game Intimacy/LostDoggo/LostDog/Content/TopDownBP/Maps/TopDownExampleMap.umap'
[2017.10.17-23.26.51:072][599]LogSavePackage: Display: Finished SavePackage ../../../../../../Users/Nick/Documents/Unreal Projects/Adv Game Intimacy/LostDoggo/LostDog/Content/TopDownBP/Maps/TopDownExampleMap.umap
[2017.10.17-23.26.51:368][599]LogSavePackage: Save=142.52ms
[2017.10.17-23.26.51:368][599]LogSavePackage: Moving '../../../../../../Users/Nick/Documents/Unreal Projects/Adv Game Intimacy/LostDoggo/LostDog/Saved/TopDownExampleMap_BuiltDataB78A57A84C032670D9A3F4938A588B28.tmp' to '../../../../../../Users/Nick/Documents/Unreal Projects/Adv Game Intimacy/LostDoggo/LostDog/Content/TopDownBP/Maps/TopDownExampleMap_BuiltData.uasset'
[2017.10.17-23.26.51:371][599]LogSavePackage: Display: Finished SavePackage ../../../../../../Users/Nick/Documents/Unreal Projects/Adv Game Intimacy/LostDoggo/LostDog/Content/TopDownBP/Maps/TopDownExampleMap_BuiltData.uasset
[2017.10.17-23.26.55:016][  4]LogSavePackage: Save=107.75ms
[2017.10.17-23.26.55:016][  4]LogSavePackage: Moving '../../../../../../Users/Nick/Documents/Unreal Projects/Adv Game Intimacy/LostDoggo/LostDog/Saved/TopDownCharacter6B2575A348FF34532C02CE817EE6CB55.tmp' to '../../../../../../Users/Nick/Documents/Unreal Projects/Adv Game Intimacy/LostDoggo/LostDog/Content/TopDownBP/Blueprints/TopDownCharacter.uasset'
[2017.10.17-23.26.55:019][  4]LogSavePackage: Display: Finished SavePackage ../../../../../../Users/Nick/Documents/Unreal Projects/Adv Game Intimacy/LostDoggo/LostDog/Content/TopDownBP/Blueprints/TopDownCharacter.uasset
[2017.10.17-23.26.57:312][269]SourceControl: fatal: C:/Program Files/Epic Games/UE_4.17/Engine/Content/: 'C:/Program Files/Epic Games/UE_4.17/Engine/Content/' is outside repository
[2017.10.17-23.27.08:678][269]LogSourceControl: FGitCheckInWorker: commit successful
[2017.10.17-23.27.08:764][269]SourceControl: [nick_new_branch 856e39a] made isometric camera
[2017.10.17-23.27.08:764][269]SourceControl:  3 files changed, 0 insertions(+), 0 deletions(-)
[2017.10.17-23.27.08:764][269]SourceControl:  rewrite LostDog/Content/TopDownBP/Blueprints/TopDownCharacter.uasset (93%)
[2017.10.17-23.27.08:764][269]SourceControl:  rewrite LostDog/Content/TopDownBP/Maps/TopDownExampleMap_BuiltData.uasset (73%)
[2017.10.17-23.27.08:771][269]SourceControl: Commited [nick_new_branch 856e39a] made isometric camera.
[2017.10.17-23.27.58:886][266]SourceControl: fatal: C:/Program Files/Epic Games/UE_4.17/Engine/Content/: 'C:/Program Files/Epic Games/UE_4.17/Engine/Content/' is outside repository
[2017.10.17-23.27.59:017][266]EditorErrors: Warning: No assets to check in!
